2025-07-03 10:07:40,091 INFO    MainThread:633045 [wandb_init.py:setup_run_log_directory():703] Logging user logs to /home/a.jajodia.229/acoustic/acoustic_knowledge_discovery/wandb/run-20250703_100740-m8brzk3j/logs/debug.log
2025-07-03 10:07:40,091 INFO    MainThread:633045 [wandb_init.py:setup_run_log_directory():704] Logging internal logs to /home/a.jajodia.229/acoustic/acoustic_knowledge_discovery/wandb/run-20250703_100740-m8brzk3j/logs/debug-internal.log
2025-07-03 10:07:40,091 INFO    MainThread:633045 [wandb_init.py:monkeypatch_ipython():622] configuring jupyter hooks <wandb.sdk.wandb_init._WandbInit object at 0x7e8102f81010>
2025-07-03 10:07:40,091 INFO    MainThread:633045 [wandb_init.py:init():830] calling init triggers
2025-07-03 10:07:40,091 INFO    MainThread:633045 [wandb_init.py:init():835] wandb.init called with sweep_config: {}
config: {'_wandb': {}}
2025-07-03 10:07:40,091 INFO    MainThread:633045 [wandb_init.py:init():871] starting backend
2025-07-03 10:07:40,091 INFO    MainThread:633045 [wandb_init.py:init():874] sending inform_init request
2025-07-03 10:07:40,092 INFO    MainThread:633045 [wandb_init.py:init():882] backend started and connected
2025-07-03 10:07:40,097 INFO    MainThread:633045 [wandb_run.py:_label_probe_notebook():1304] probe notebook
2025-07-03 10:07:40,097 INFO    MainThread:633045 [wandb_init.py:init():953] updated telemetry
2025-07-03 10:07:40,103 INFO    MainThread:633045 [wandb_init.py:init():977] communicating run to backend with 90.0 second timeout
2025-07-03 10:07:40,586 INFO    MainThread:633045 [wandb_init.py:init():1029] starting run threads in backend
2025-07-03 10:07:40,767 INFO    MainThread:633045 [wandb_run.py:_console_start():2458] atexit reg
2025-07-03 10:07:40,767 INFO    MainThread:633045 [wandb_run.py:_redirect():2306] redirect: wrap_raw
2025-07-03 10:07:40,767 INFO    MainThread:633045 [wandb_run.py:_redirect():2375] Wrapping output streams.
2025-07-03 10:07:40,768 INFO    MainThread:633045 [wandb_run.py:_redirect():2398] Redirects installed.
2025-07-03 10:07:40,768 INFO    MainThread:633045 [wandb_init.py:init():1075] run started, returning control to user process
2025-07-03 10:07:40,770 INFO    MainThread:633045 [wandb_run.py:_config_callback():1363] config_cb None None {'output_dir': 'working_dir', 'overwrite_output_dir': False, 'do_train': False, 'do_eval': False, 'do_predict': False, 'eval_strategy': 'steps', 'prediction_loss_only': False, 'per_device_train_batch_size': 64, 'per_device_eval_batch_size': 32, 'per_gpu_train_batch_size': None, 'per_gpu_eval_batch_size': None, 'gradient_accumulation_steps': 1, 'eval_accumulation_steps': 100, 'eval_delay': 0, 'torch_empty_cache_steps': None, 'learning_rate': 5e-05, 'weight_decay': 0.0, 'adam_beta1': 0.9, 'adam_beta2': 0.999, 'adam_epsilon': 1e-08, 'max_grad_norm': 1.0, 'num_train_epochs': 1, 'max_steps': -1, 'lr_scheduler_type': 'linear', 'lr_scheduler_kwargs': {}, 'warmup_ratio': 0.0, 'warmup_steps': 0, 'log_level': 'passive', 'log_level_replica': 'warning', 'log_on_each_node': True, 'logging_dir': 'working_dir/runs/Jul03_10-07-38_kastner-ml', 'logging_strategy': 'steps', 'logging_first_step': False, 'logging_steps': 10, 'logging_nan_inf_filter': True, 'save_strategy': 'steps', 'save_steps': 500, 'save_total_limit': None, 'save_safetensors': True, 'save_on_each_node': False, 'save_only_model': False, 'restore_callback_states_from_checkpoint': False, 'no_cuda': False, 'use_cpu': False, 'use_mps_device': False, 'seed': 42, 'data_seed': None, 'jit_mode_eval': False, 'use_ipex': False, 'bf16': False, 'fp16': False, 'fp16_opt_level': 'O1', 'half_precision_backend': 'auto', 'bf16_full_eval': False, 'fp16_full_eval': False, 'tf32': None, 'local_rank': 0, 'ddp_backend': None, 'tpu_num_cores': None, 'tpu_metrics_debug': False, 'debug': [], 'dataloader_drop_last': False, 'eval_steps': 5, 'dataloader_num_workers': 4, 'dataloader_prefetch_factor': None, 'past_index': -1, 'run_name': 'working_dir', 'disable_tqdm': False, 'remove_unused_columns': True, 'label_names': ['audio', 'audio_in', 'labels', 'filepath'], 'load_best_model_at_end': False, 'metric_for_best_model': None, 'greater_is_better': None, 'ignore_data_skip': False, 'fsdp': [], 'fsdp_min_num_params': 0, 'fsdp_config': {'min_num_params': 0, 'xla': False, 'xla_fsdp_v2': False, 'xla_fsdp_grad_ckpt': False}, 'fsdp_transformer_layer_cls_to_wrap': None, 'accelerator_config': {'split_batches': False, 'dispatch_batches': None, 'even_batches': True, 'use_seedable_sampler': True, 'non_blocking': False, 'gradient_accumulation_kwargs': None}, 'deepspeed': None, 'label_smoothing_factor': 0.0, 'optim': 'adamw_torch', 'optim_args': None, 'adafactor': False, 'group_by_length': False, 'length_column_name': 'length', 'report_to': ['wandb'], 'ddp_find_unused_parameters': None, 'ddp_bucket_cap_mb': None, 'ddp_broadcast_buffers': None, 'dataloader_pin_memory': True, 'dataloader_persistent_workers': False, 'skip_memory_metrics': True, 'use_legacy_prediction_loop': False, 'push_to_hub': False, 'resume_from_checkpoint': None, 'hub_model_id': None, 'hub_strategy': 'every_save', 'hub_token': '<HUB_TOKEN>', 'hub_private_repo': None, 'hub_always_push': False, 'hub_revision': None, 'gradient_checkpointing': False, 'gradient_checkpointing_kwargs': None, 'include_inputs_for_metrics': False, 'include_for_metrics': [], 'eval_do_concat_batches': True, 'fp16_backend': 'auto', 'push_to_hub_model_id': None, 'push_to_hub_organization': None, 'push_to_hub_token': '<PUSH_TO_HUB_TOKEN>', 'mp_parameters': '', 'auto_find_batch_size': False, 'full_determinism': False, 'torchdynamo': None, 'ray_scope': 'last', 'ddp_timeout': 1800, 'torch_compile': False, 'torch_compile_backend': None, 'torch_compile_mode': None, 'include_tokens_per_second': False, 'include_num_input_tokens_seen': False, 'neftune_noise_alpha': None, 'optim_target_modules': None, 'batch_eval_metrics': False, 'eval_on_start': False, 'use_liger_kernel': False, 'liger_kernel_config': None, 'eval_use_gather_object': False, 'average_tokens_across_devices': False}
2025-07-03 10:07:58,476 INFO    MainThread:633045 [wandb_init.py:_post_run_cell_hook():592] [no run ID] resuming backend
2025-07-03 10:08:10,588 INFO    MainThread:633045 [jupyter.py:save_ipynb():404] [no run ID] not saving jupyter notebook
2025-07-03 10:08:10,588 INFO    MainThread:633045 [wandb_init.py:_pre_run_cell_hook():581] [no run ID] pausing backend
2025-07-03 10:08:15,706 INFO    MainThread:633045 [wandb_init.py:_post_run_cell_hook():592] [no run ID] resuming backend
2025-07-03 10:09:34,751 INFO    MainThread:633045 [jupyter.py:save_ipynb():404] [no run ID] not saving jupyter notebook
2025-07-03 10:09:34,751 INFO    MainThread:633045 [wandb_init.py:_pre_run_cell_hook():581] [no run ID] pausing backend
2025-07-03 10:09:34,757 INFO    MainThread:633045 [wandb_init.py:_post_run_cell_hook():592] [no run ID] resuming backend
2025-07-03 10:09:35,850 INFO    MainThread:633045 [jupyter.py:save_ipynb():404] [no run ID] not saving jupyter notebook
2025-07-03 10:09:35,850 INFO    MainThread:633045 [wandb_init.py:_pre_run_cell_hook():581] [no run ID] pausing backend
2025-07-03 10:09:35,857 INFO    MainThread:633045 [wandb_init.py:_post_run_cell_hook():592] [no run ID] resuming backend
2025-07-03 10:09:41,440 INFO    MainThread:633045 [jupyter.py:save_ipynb():404] [no run ID] not saving jupyter notebook
2025-07-03 10:09:41,441 INFO    MainThread:633045 [wandb_init.py:_pre_run_cell_hook():581] [no run ID] pausing backend
2025-07-03 10:09:41,447 INFO    MainThread:633045 [wandb_init.py:_post_run_cell_hook():592] [no run ID] resuming backend
2025-07-03 10:09:41,624 INFO    MainThread:633045 [jupyter.py:save_ipynb():404] [no run ID] not saving jupyter notebook
2025-07-03 10:09:41,624 INFO    MainThread:633045 [wandb_init.py:_pre_run_cell_hook():581] [no run ID] pausing backend
2025-07-03 10:09:41,628 INFO    MainThread:633045 [wandb_init.py:_post_run_cell_hook():592] [no run ID] resuming backend
2025-07-03 10:09:43,394 INFO    MainThread:633045 [jupyter.py:save_ipynb():404] [no run ID] not saving jupyter notebook
2025-07-03 10:09:43,394 INFO    MainThread:633045 [wandb_init.py:_pre_run_cell_hook():581] [no run ID] pausing backend
2025-07-03 10:09:43,401 INFO    MainThread:633045 [wandb_init.py:_post_run_cell_hook():592] [no run ID] resuming backend
2025-07-03 10:09:44,334 INFO    MainThread:633045 [jupyter.py:save_ipynb():404] [no run ID] not saving jupyter notebook
2025-07-03 10:09:44,334 INFO    MainThread:633045 [wandb_init.py:_pre_run_cell_hook():581] [no run ID] pausing backend
2025-07-03 10:09:44,341 INFO    MainThread:633045 [wandb_init.py:_post_run_cell_hook():592] [no run ID] resuming backend
2025-07-03 10:09:47,296 INFO    MainThread:633045 [jupyter.py:save_ipynb():404] [no run ID] not saving jupyter notebook
2025-07-03 10:09:47,296 INFO    MainThread:633045 [wandb_init.py:_pre_run_cell_hook():581] [no run ID] pausing backend
2025-07-03 10:09:47,389 INFO    MainThread:633045 [wandb_init.py:_post_run_cell_hook():592] [no run ID] resuming backend
2025-07-03 10:09:51,005 INFO    MainThread:633045 [jupyter.py:save_ipynb():404] [no run ID] not saving jupyter notebook
2025-07-03 10:09:51,006 INFO    MainThread:633045 [wandb_init.py:_pre_run_cell_hook():581] [no run ID] pausing backend
2025-07-03 10:09:51,012 INFO    MainThread:633045 [wandb_init.py:_post_run_cell_hook():592] [no run ID] resuming backend
2025-07-03 10:09:51,587 INFO    MainThread:633045 [jupyter.py:save_ipynb():404] [no run ID] not saving jupyter notebook
2025-07-03 10:09:51,587 INFO    MainThread:633045 [wandb_init.py:_pre_run_cell_hook():581] [no run ID] pausing backend
2025-07-03 10:09:56,303 INFO    MainThread:633045 [wandb_init.py:_post_run_cell_hook():592] [no run ID] resuming backend
2025-07-03 10:10:54,648 INFO    MainThread:633045 [jupyter.py:save_ipynb():404] [no run ID] not saving jupyter notebook
2025-07-03 10:10:54,649 INFO    MainThread:633045 [wandb_init.py:_pre_run_cell_hook():581] [no run ID] pausing backend
2025-07-03 10:10:58,518 WARNING MsgRouterThr:633045 [router.py:message_loop():63] [no run ID] message_loop has been closed
Traceback (most recent call last):
  File "/home/a.jajodia.229/acoustic/acoustic_knowledge_discovery/.venv/lib/python3.11/site-packages/wandb/sdk/interface/router_sock.py", line 27, in _read_message
    return self._sock_client.read_server_response(timeout=1)
           ^^^^^^^^^^^^^^^^^^^^^^^^^^^^^^^^^^^^^^^^^^^^^^^^^
  File "/home/a.jajodia.229/acoustic/acoustic_knowledge_discovery/.venv/lib/python3.11/site-packages/wandb/sdk/lib/sock_client.py", line 231, in read_server_response
    data = self._read_packet_bytes(timeout=timeout)
           ^^^^^^^^^^^^^^^^^^^^^^^^^^^^^^^^^^^^^^^^
  File "/home/a.jajodia.229/acoustic/acoustic_knowledge_discovery/.venv/lib/python3.11/site-packages/wandb/sdk/lib/sock_client.py", line 216, in _read_packet_bytes
    raise SockClientClosedError
wandb.sdk.lib.sock_client.SockClientClosedError

The above exception was the direct cause of the following exception:

Traceback (most recent call last):
  File "/home/a.jajodia.229/acoustic/acoustic_knowledge_discovery/.venv/lib/python3.11/site-packages/wandb/sdk/interface/router.py", line 56, in message_loop
    msg = self._read_message()
          ^^^^^^^^^^^^^^^^^^^^
  File "/home/a.jajodia.229/acoustic/acoustic_knowledge_discovery/.venv/lib/python3.11/site-packages/wandb/sdk/interface/router_sock.py", line 29, in _read_message
    raise MessageRouterClosedError from e
wandb.sdk.interface.router.MessageRouterClosedError
2025-07-03 10:10:58,543 INFO    MsgRouterThr:633045 [mailbox.py:close():129] [no run ID] Closing mailbox, abandoning 2 handles.
2025-07-03 10:10:58,998 INFO    MainThread:633045 [wandb_init.py:_post_run_cell_hook():592] [no run ID] resuming backend
2025-07-03 10:11:01,749 INFO    MainThread:633045 [jupyter.py:save_ipynb():404] [no run ID] not saving jupyter notebook
2025-07-03 10:11:01,750 INFO    MainThread:633045 [wandb_init.py:_pre_run_cell_hook():581] [no run ID] pausing backend
2025-07-03 10:11:02,713 INFO    MainThread:633045 [wandb_run.py:_config_callback():1363] config_cb None None {'output_dir': 'working_dir', 'overwrite_output_dir': False, 'do_train': False, 'do_eval': False, 'do_predict': False, 'eval_strategy': 'steps', 'prediction_loss_only': False, 'per_device_train_batch_size': 64, 'per_device_eval_batch_size': 32, 'per_gpu_train_batch_size': None, 'per_gpu_eval_batch_size': None, 'gradient_accumulation_steps': 1, 'eval_accumulation_steps': 100, 'eval_delay': 0, 'torch_empty_cache_steps': None, 'learning_rate': 5e-05, 'weight_decay': 0.0, 'adam_beta1': 0.9, 'adam_beta2': 0.999, 'adam_epsilon': 1e-08, 'max_grad_norm': 1.0, 'num_train_epochs': 1, 'max_steps': -1, 'lr_scheduler_type': 'linear', 'lr_scheduler_kwargs': {}, 'warmup_ratio': 0.0, 'warmup_steps': 0, 'log_level': 'passive', 'log_level_replica': 'warning', 'log_on_each_node': True, 'logging_dir': 'working_dir/runs/Jul03_10-11-02_kastner-ml', 'logging_strategy': 'steps', 'logging_first_step': False, 'logging_steps': 10, 'logging_nan_inf_filter': True, 'save_strategy': 'steps', 'save_steps': 500, 'save_total_limit': None, 'save_safetensors': True, 'save_on_each_node': False, 'save_only_model': False, 'restore_callback_states_from_checkpoint': False, 'no_cuda': False, 'use_cpu': False, 'use_mps_device': False, 'seed': 42, 'data_seed': None, 'jit_mode_eval': False, 'use_ipex': False, 'bf16': False, 'fp16': False, 'fp16_opt_level': 'O1', 'half_precision_backend': 'auto', 'bf16_full_eval': False, 'fp16_full_eval': False, 'tf32': None, 'local_rank': 0, 'ddp_backend': None, 'tpu_num_cores': None, 'tpu_metrics_debug': False, 'debug': [], 'dataloader_drop_last': False, 'eval_steps': 5, 'dataloader_num_workers': 4, 'dataloader_prefetch_factor': None, 'past_index': -1, 'run_name': 'working_dir', 'disable_tqdm': False, 'remove_unused_columns': True, 'label_names': ['audio', 'audio_in', 'labels', 'filepath'], 'load_best_model_at_end': False, 'metric_for_best_model': None, 'greater_is_better': None, 'ignore_data_skip': False, 'fsdp': [], 'fsdp_min_num_params': 0, 'fsdp_config': {'min_num_params': 0, 'xla': False, 'xla_fsdp_v2': False, 'xla_fsdp_grad_ckpt': False}, 'fsdp_transformer_layer_cls_to_wrap': None, 'accelerator_config': {'split_batches': False, 'dispatch_batches': None, 'even_batches': True, 'use_seedable_sampler': True, 'non_blocking': False, 'gradient_accumulation_kwargs': None}, 'deepspeed': None, 'label_smoothing_factor': 0.0, 'optim': 'adamw_torch', 'optim_args': None, 'adafactor': False, 'group_by_length': False, 'length_column_name': 'length', 'report_to': ['wandb'], 'ddp_find_unused_parameters': None, 'ddp_bucket_cap_mb': None, 'ddp_broadcast_buffers': None, 'dataloader_pin_memory': True, 'dataloader_persistent_workers': False, 'skip_memory_metrics': True, 'use_legacy_prediction_loop': False, 'push_to_hub': False, 'resume_from_checkpoint': None, 'hub_model_id': None, 'hub_strategy': 'every_save', 'hub_token': '<HUB_TOKEN>', 'hub_private_repo': None, 'hub_always_push': False, 'hub_revision': None, 'gradient_checkpointing': False, 'gradient_checkpointing_kwargs': None, 'include_inputs_for_metrics': False, 'include_for_metrics': [], 'eval_do_concat_batches': True, 'fp16_backend': 'auto', 'push_to_hub_model_id': None, 'push_to_hub_organization': None, 'push_to_hub_token': '<PUSH_TO_HUB_TOKEN>', 'mp_parameters': '', 'auto_find_batch_size': False, 'full_determinism': False, 'torchdynamo': None, 'ray_scope': 'last', 'ddp_timeout': 1800, 'torch_compile': False, 'torch_compile_backend': None, 'torch_compile_mode': None, 'include_tokens_per_second': False, 'include_num_input_tokens_seen': False, 'neftune_noise_alpha': None, 'optim_target_modules': None, 'batch_eval_metrics': False, 'eval_on_start': False, 'use_liger_kernel': False, 'liger_kernel_config': None, 'eval_use_gather_object': False, 'average_tokens_across_devices': False}
2025-07-03 10:11:03,192 INFO    MainThread:633045 [wandb_init.py:_post_run_cell_hook():592] [no run ID] resuming backend
2025-07-03 10:11:14,151 INFO    MainThread:633045 [jupyter.py:save_ipynb():404] [no run ID] not saving jupyter notebook
2025-07-03 10:11:14,151 INFO    MainThread:633045 [wandb_init.py:_pre_run_cell_hook():581] [no run ID] pausing backend
2025-07-03 10:11:14,847 INFO    MainThread:633045 [wandb_run.py:_finish():2224] finishing run ajajodia-uc-san-diego/pa2.0_test/m8brzk3j
2025-07-03 10:11:14,885 INFO    MainThread:633045 [wandb_run.py:_config_callback():1363] config_cb None None {'output_dir': 'working_dir', 'overwrite_output_dir': False, 'do_train': False, 'do_eval': False, 'do_predict': False, 'eval_strategy': 'steps', 'prediction_loss_only': False, 'per_device_train_batch_size': 64, 'per_device_eval_batch_size': 32, 'per_gpu_train_batch_size': None, 'per_gpu_eval_batch_size': None, 'gradient_accumulation_steps': 1, 'eval_accumulation_steps': 100, 'eval_delay': 0, 'torch_empty_cache_steps': None, 'learning_rate': 5e-05, 'weight_decay': 0.0, 'adam_beta1': 0.9, 'adam_beta2': 0.999, 'adam_epsilon': 1e-08, 'max_grad_norm': 1.0, 'num_train_epochs': 1, 'max_steps': -1, 'lr_scheduler_type': 'linear', 'lr_scheduler_kwargs': {}, 'warmup_ratio': 0.0, 'warmup_steps': 0, 'log_level': 'passive', 'log_level_replica': 'warning', 'log_on_each_node': True, 'logging_dir': 'working_dir/runs/Jul03_10-11-14_kastner-ml', 'logging_strategy': 'steps', 'logging_first_step': False, 'logging_steps': 10, 'logging_nan_inf_filter': True, 'save_strategy': 'steps', 'save_steps': 500, 'save_total_limit': None, 'save_safetensors': True, 'save_on_each_node': False, 'save_only_model': False, 'restore_callback_states_from_checkpoint': False, 'no_cuda': False, 'use_cpu': False, 'use_mps_device': False, 'seed': 42, 'data_seed': None, 'jit_mode_eval': False, 'use_ipex': False, 'bf16': False, 'fp16': False, 'fp16_opt_level': 'O1', 'half_precision_backend': 'auto', 'bf16_full_eval': False, 'fp16_full_eval': False, 'tf32': None, 'local_rank': 0, 'ddp_backend': None, 'tpu_num_cores': None, 'tpu_metrics_debug': False, 'debug': [], 'dataloader_drop_last': False, 'eval_steps': 5, 'dataloader_num_workers': 4, 'dataloader_prefetch_factor': None, 'past_index': -1, 'run_name': 'working_dir', 'disable_tqdm': False, 'remove_unused_columns': True, 'label_names': ['audio', 'audio_in', 'labels', 'filepath'], 'load_best_model_at_end': False, 'metric_for_best_model': None, 'greater_is_better': None, 'ignore_data_skip': False, 'fsdp': [], 'fsdp_min_num_params': 0, 'fsdp_config': {'min_num_params': 0, 'xla': False, 'xla_fsdp_v2': False, 'xla_fsdp_grad_ckpt': False}, 'fsdp_transformer_layer_cls_to_wrap': None, 'accelerator_config': {'split_batches': False, 'dispatch_batches': None, 'even_batches': True, 'use_seedable_sampler': True, 'non_blocking': False, 'gradient_accumulation_kwargs': None}, 'deepspeed': None, 'label_smoothing_factor': 0.0, 'optim': 'adamw_torch', 'optim_args': None, 'adafactor': False, 'group_by_length': False, 'length_column_name': 'length', 'report_to': ['wandb'], 'ddp_find_unused_parameters': None, 'ddp_bucket_cap_mb': None, 'ddp_broadcast_buffers': None, 'dataloader_pin_memory': True, 'dataloader_persistent_workers': False, 'skip_memory_metrics': True, 'use_legacy_prediction_loop': False, 'push_to_hub': False, 'resume_from_checkpoint': None, 'hub_model_id': None, 'hub_strategy': 'every_save', 'hub_token': '<HUB_TOKEN>', 'hub_private_repo': None, 'hub_always_push': False, 'hub_revision': None, 'gradient_checkpointing': False, 'gradient_checkpointing_kwargs': None, 'include_inputs_for_metrics': False, 'include_for_metrics': [], 'eval_do_concat_batches': True, 'fp16_backend': 'auto', 'push_to_hub_model_id': None, 'push_to_hub_organization': None, 'push_to_hub_token': '<PUSH_TO_HUB_TOKEN>', 'mp_parameters': '', 'auto_find_batch_size': False, 'full_determinism': False, 'torchdynamo': None, 'ray_scope': 'last', 'ddp_timeout': 1800, 'torch_compile': False, 'torch_compile_backend': None, 'torch_compile_mode': None, 'include_tokens_per_second': False, 'include_num_input_tokens_seen': False, 'neftune_noise_alpha': None, 'optim_target_modules': None, 'batch_eval_metrics': False, 'eval_on_start': False, 'use_liger_kernel': False, 'liger_kernel_config': None, 'eval_use_gather_object': False, 'average_tokens_across_devices': False}
2025-07-03 10:11:15,148 INFO    MainThread:633045 [wandb_init.py:_post_run_cell_hook():592] [no run ID] resuming backend
2025-07-03 10:12:35,049 INFO    MainThread:633045 [jupyter.py:save_ipynb():404] [no run ID] not saving jupyter notebook
2025-07-03 10:12:35,049 INFO    MainThread:633045 [wandb_init.py:_pre_run_cell_hook():581] [no run ID] pausing backend
2025-07-03 10:12:35,137 INFO    MainThread:633045 [wandb_init.py:_post_run_cell_hook():592] [no run ID] resuming backend
2025-07-03 10:17:16,964 INFO    MainThread:633045 [jupyter.py:save_ipynb():404] [no run ID] not saving jupyter notebook
2025-07-03 10:17:16,964 INFO    MainThread:633045 [wandb_init.py:_pre_run_cell_hook():581] [no run ID] pausing backend
2025-07-03 10:17:17,210 INFO    MainThread:633045 [wandb_init.py:_post_run_cell_hook():592] [no run ID] resuming backend
2025-07-03 10:17:19,795 INFO    MainThread:633045 [jupyter.py:save_ipynb():404] [no run ID] not saving jupyter notebook
2025-07-03 10:17:19,795 INFO    MainThread:633045 [wandb_init.py:_pre_run_cell_hook():581] [no run ID] pausing backend
2025-07-03 10:17:19,986 INFO    MainThread:633045 [wandb_init.py:_post_run_cell_hook():592] [no run ID] resuming backend
2025-07-03 10:17:27,983 INFO    MainThread:633045 [jupyter.py:save_ipynb():404] [no run ID] not saving jupyter notebook
2025-07-03 10:17:27,983 INFO    MainThread:633045 [wandb_init.py:_pre_run_cell_hook():581] [no run ID] pausing backend
2025-07-03 10:17:28,583 INFO    MainThread:633045 [wandb_init.py:_post_run_cell_hook():592] [no run ID] resuming backend
2025-07-03 10:17:38,011 INFO    MainThread:633045 [jupyter.py:save_ipynb():404] [no run ID] not saving jupyter notebook
2025-07-03 10:17:38,011 INFO    MainThread:633045 [wandb_init.py:_pre_run_cell_hook():581] [no run ID] pausing backend
2025-07-03 10:17:38,159 INFO    MainThread:633045 [wandb_init.py:_post_run_cell_hook():592] [no run ID] resuming backend
